#
# There is insufficient memory for the Java Runtime Environment to continue.
# Native memory allocation (mmap) failed to map 123731968 bytes for G1 virtual space
# Possible reasons:
#   The system is out of physical RAM or swap space
#   The process is running with CompressedOops enabled, and the Java Heap may be blocking the growth of the native heap
# Possible solutions:
#   Reduce memory load on the system
#   Increase physical memory or swap space
#   Check if swap backing store is full
#   Decrease Java heap size (-Xmx/-Xms)
#   Decrease number of Java threads
#   Decrease Java thread stack sizes (-Xss)
#   Set larger code cache with -XX:ReservedCodeCacheSize=
#   JVM is running with Unscaled Compressed Oops mode in which the Java heap is
#     placed in the first 4GB address space. The Java Heap base address is the
#     maximum limit for the native heap growth. Please use -XX:HeapBaseMinAddress
#     to set the Java Heap base and to place the Java Heap above 4GB virtual address.
# This output file may be truncated or incomplete.
#
#  Out of Memory Error (os_windows.cpp:3548), pid=46844, tid=55892
#
# JRE version:  (17.0.10+11) (build )
# Java VM: Java HotSpot(TM) 64-Bit Server VM (17.0.10+11-LTS-240, mixed mode, sharing, tiered, compressed oops, compressed class ptrs, g1 gc, windows-amd64)
# No core dump will be written. Minidumps are not enabled by default on client versions of Windows
#

---------------  S U M M A R Y ------------

Command Line: -Dfile.encoding=UTF-8 -Dstdout.encoding=UTF-8 -Dstderr.encoding=UTF-8 -XX:+ShowCodeDetailsInExceptionMessages basic.Swing

Host: AMD Ryzen 5 5500U with Radeon Graphics         , 12 cores, 7G,  Windows 11 , 64 bit Build 22621 (10.0.22621.3672)
Time: Fri Jun 21 16:37:03 2024 India Standard Time elapsed time: 0.015237 seconds (0d 0h 0m 0s)

---------------  T H R E A D  ---------------

Current thread (0x00000279fd4fe850):  JavaThread "Unknown thread" [_thread_in_vm, id=55892, stack(0x0000009bf7600000,0x0000009bf7700000)]

Stack: [0x0000009bf7600000,0x0000009bf7700000]
Native frames: (J=compiled Java code, j=interpreted, Vv=VM code, C=native code)
V  [jvm.dll+0x677a5a]
V  [jvm.dll+0x7d8b2d]
V  [jvm.dll+0x7da48e]
V  [jvm.dll+0x7daaf3]
V  [jvm.dll+0x2455ff]
V  [jvm.dll+0x6749b9]
V  [jvm.dll+0x669382]
V  [jvm.dll+0x302e96]
V  [jvm.dll+0x30a416]
V  [jvm.dll+0x359cbe]
V  [jvm.dll+0x359eef]
V  [jvm.dll+0x2d9e88]
V  [jvm.dll+0x2dadf4]
V  [jvm.dll+0x7aa551]
V  [jvm.dll+0x367911]
V  [jvm.dll+0x789639]
V  [jvm.dll+0x3eb30f]
V  [jvm.dll+0x3ecd91]
C  [jli.dll+0x5297]
C  [ucrtbase.dll+0x29333]
C  [KERNEL32.DLL+0x1257d]
C  [ntdll.dll+0x5af28]


---------------  P R O C E S S  ---------------

Threads class SMR info:
_java_thread_list=0x00007ffd1a496a18, length=0, elements={
}

Java Threads: ( => current thread )

Other Threads:
  0x00000279fd5547b0 GCTaskThread "GC Thread#0" [stack: 0x0000009bf7700000,0x0000009bf7800000] [id=37536]
  0x00000279fd564180 ConcurrentGCThread "G1 Main Marker" [stack: 0x0000009bf7800000,0x0000009bf7900000] [id=55876]
  0x00000279fd565330 ConcurrentGCThread "G1 Conc#0" [stack: 0x0000009bf7900000,0x0000009bf7a00000] [id=18908]

[error occurred during error reporting (printing all threads), id 0xc0000005, EXCEPTION_ACCESS_VIOLATION (0xc0000005) at pc=0x00007ffd19ccaae7]

VM state: not at safepoint (not fully initialized)

VM Mutex/Monitor currently owned by a thread:  ([mutex/lock_event])
[0x00000279fd4f9ff0] Heap_lock - owner thread: 0x00000279fd4fe850

Heap address: 0x000000008ac00000, size: 1876 MB, Compressed Oops mode: 32-bit

CDS archive(s) mapped at: [0x0000000000000000-0x0000000000000000-0x0000000000000000), size 0, SharedBaseAddress: 0x0000000800000000, ArchiveRelocationMode: 1.
Narrow klass base: 0x0000000000000000, Narrow klass shift: 0, Narrow klass range: 0x0

GC Precious Log:
<Empty>

Heap:
 garbage-first heap   total 0K, used 0K [0x000000008ac00000, 0x0000000100000000)
  region size 1024K, 0 young (0K), 0 survivors (0K)

[error occurred during error reporting (printing heap information), id 0xc0000005, EXCEPTION_ACCESS_VIOLATION (0xc0000005) at pc=0x00007ffd1a0b1249]

GC Heap History (0 events):
No events

Deoptimization events (0 events):
No events

Classes unloaded (0 events):
No events

Classes redefined (0 events):
No events

Internal exceptions (0 events):
No events

VM Operations (0 events):
No events

Events (1 events):
Event: 0.011 Loaded shared library C:\Program Files\Java\jdk-17\bin\java.dll


Dynamic libraries:
0x00007ff7051f0000 - 0x00007ff705200000 	C:\Program Files\Java\jdk-17\bin\javaw.exe
0x00007ffd70d30000 - 0x00007ffd70f47000 	C:\windows\SYSTEM32\ntdll.dll
0x00007ffd6f400000 - 0x00007ffd6f4c4000 	C:\windows\System32\KERNEL32.DLL
0x00007ffd6e280000 - 0x00007ffd6e62c000 	C:\windows\System32\KERNELBASE.dll
0x00007ffd6e8b0000 - 0x00007ffd6e9c1000 	C:\windows\System32\ucrtbase.dll
0x00007ffd5f910000 - 0x00007ffd5f929000 	C:\Program Files\Java\jdk-17\bin\jli.dll
0x00007ffd5fa60000 - 0x00007ffd5fa7b000 	C:\Program Files\Java\jdk-17\bin\VCRUNTIME140.dll
0x00007ffd70c30000 - 0x00007ffd70ce2000 	C:\windows\System32\ADVAPI32.dll
0x00007ffd70440000 - 0x00007ffd704e7000 	C:\windows\System32\msvcrt.dll
0x00007ffd70970000 - 0x00007ffd70a1a000 	C:\windows\System32\sechost.dll
0x00007ffd6e060000 - 0x00007ffd6e088000 	C:\windows\System32\bcrypt.dll
0x00007ffd6f4d0000 - 0x00007ffd6f5e5000 	C:\windows\System32\RPCRT4.dll
0x00007ffd6ff10000 - 0x00007ffd700be000 	C:\windows\System32\USER32.dll
0x00007ffd6e630000 - 0x00007ffd6e656000 	C:\windows\System32\win32u.dll
0x00007ffd70410000 - 0x00007ffd70439000 	C:\windows\System32\GDI32.dll
0x00007ffd6e6d0000 - 0x00007ffd6e7e9000 	C:\windows\System32\gdi32full.dll
0x00007ffd556b0000 - 0x00007ffd55943000 	C:\windows\WinSxS\amd64_microsoft.windows.common-controls_6595b64144ccf1df_6.0.22621.3672_none_2713b9d173822955\COMCTL32.dll
0x00007ffd6e9d0000 - 0x00007ffd6ea6a000 	C:\windows\System32\msvcp_win.dll
0x00007ffd65940000 - 0x00007ffd6594a000 	C:\windows\SYSTEM32\VERSION.dll
0x00007ffd70b40000 - 0x00007ffd70b71000 	C:\windows\System32\IMM32.DLL
0x00007ffd6aa30000 - 0x00007ffd6aa3c000 	C:\Program Files\Java\jdk-17\bin\vcruntime140_1.dll
0x00007ffd54770000 - 0x00007ffd547fe000 	C:\Program Files\Java\jdk-17\bin\msvcp140.dll
0x00007ffd199e0000 - 0x00007ffd1a5bf000 	C:\Program Files\Java\jdk-17\bin\server\jvm.dll
0x00007ffd70b30000 - 0x00007ffd70b38000 	C:\windows\System32\PSAPI.DLL
0x00007ffd6a260000 - 0x00007ffd6a269000 	C:\windows\SYSTEM32\WSOCK32.dll
0x00007ffd6f360000 - 0x00007ffd6f3d1000 	C:\windows\System32\WS2_32.dll
0x00007ffd694b0000 - 0x00007ffd694e4000 	C:\windows\SYSTEM32\WINMM.dll
0x00007ffd6d070000 - 0x00007ffd6d088000 	C:\windows\SYSTEM32\kernel.appcore.dll
0x00007ffd69700000 - 0x00007ffd6970a000 	C:\Program Files\Java\jdk-17\bin\jimage.dll
0x00007ffd685c0000 - 0x00007ffd687f2000 	C:\windows\SYSTEM32\DBGHELP.DLL
0x00007ffd6f700000 - 0x00007ffd6fa88000 	C:\windows\System32\combase.dll
0x00007ffd700c0000 - 0x00007ffd70197000 	C:\windows\System32\OLEAUT32.dll
0x00007ffd65400000 - 0x00007ffd65432000 	C:\windows\SYSTEM32\dbgcore.DLL
0x00007ffd6e090000 - 0x00007ffd6e10b000 	C:\windows\System32\bcryptPrimitives.dll
0x00007ffd5f8e0000 - 0x00007ffd5f905000 	C:\Program Files\Java\jdk-17\bin\java.dll

dbghelp: loaded successfully - version: 4.0.5 - missing functions: none
symbol engine: initialized successfully - sym options: 0x614 - pdb path: .;C:\Program Files\Java\jdk-17\bin;C:\windows\SYSTEM32;C:\windows\WinSxS\amd64_microsoft.windows.common-controls_6595b64144ccf1df_6.0.22621.3672_none_2713b9d173822955;C:\Program Files\Java\jdk-17\bin\server

VM Arguments:
jvm_args: -Dfile.encoding=UTF-8 -Dstdout.encoding=UTF-8 -Dstderr.encoding=UTF-8 -XX:+ShowCodeDetailsInExceptionMessages 
java_command: basic.Swing
java_class_path (initial): C:\Users\yogit\eclipse-workspace\RDBMS_Assignment\bin;C:\Users\yogit\Downloads\mysql-connector-java-8.0.27.jar
Launcher Type: SUN_STANDARD

[Global flags]
     intx CICompilerCount                          = 4                                         {product} {ergonomic}
     uint ConcGCThreads                            = 3                                         {product} {ergonomic}
     uint G1ConcRefinementThreads                  = 10                                        {product} {ergonomic}
   size_t G1HeapRegionSize                         = 1048576                                   {product} {ergonomic}
    uintx GCDrainStackTargetSize                   = 64                                        {product} {ergonomic}
   size_t InitialHeapSize                          = 123731968                                 {product} {ergonomic}
   size_t MarkStackSize                            = 4194304                                   {product} {ergonomic}
   size_t MaxHeapSize                              = 1967128576                                {product} {ergonomic}
   size_t MinHeapDeltaBytes                        = 1048576                                   {product} {ergonomic}
   size_t MinHeapSize                              = 8388608                                   {product} {ergonomic}
    uintx NonNMethodCodeHeapSize                   = 5839372                                {pd product} {ergonomic}
    uintx NonProfiledCodeHeapSize                  = 122909434                              {pd product} {ergonomic}
    uintx ProfiledCodeHeapSize                     = 122909434                              {pd product} {ergonomic}
    uintx ReservedCodeCacheSize                    = 251658240                              {pd product} {ergonomic}
     bool SegmentedCodeCache                       = true                                      {product} {ergonomic}
     bool ShowCodeDetailsInExceptionMessages       = true                                   {manageable} {command line}
   size_t SoftMaxHeapSize                          = 1967128576                             {manageable} {ergonomic}
     bool UseCompressedClassPointers               = true                           {product lp64_product} {ergonomic}
     bool UseCompressedOops                        = true                           {product lp64_product} {ergonomic}
     bool UseG1GC                                  = true                                      {product} {ergonomic}
     bool UseLargePagesIndividualAllocation        = false                                  {pd product} {ergonomic}

Logging:
Log output configuration:
 #0: stdout all=warning uptime,level,tags
 #1: stderr all=off uptime,level,tags

Environment Variables:
PATH=C:\Program Files\Common Files\Oracle\Java\javapath;C:\windows\system32;C:\windows;C:\windows\System32\Wbem;C:\windows\System32\WindowsPowerShell\v1.0\;C:\windows\System32\OpenSSH\;C:\xampp\php;C:\ProgramData\ComposerSetup\bin;C:\Program Files\Git\cmd;C:\Program Files\nodejs\;C:\Program Files\Microsoft SQL Server\150\Tools\Binn\;C:\Program Files\HP\HP One Agent;C:\Program Files\Java\jdk-17\bin;C:\Program Files\Git\bin;C:\Users\yogit\AppData\Local\Microsoft\WindowsApps;;C:\Users\yogit\AppData\Local\Programs\Microsoft VS Code\bin;C:\Users\yogit\AppData\Roaming\Composer\vendor\bin;C:\Users\yogit\AppData\Roaming\npm
USERNAME=yogit
OS=Windows_NT
PROCESSOR_IDENTIFIER=AMD64 Family 23 Model 104 Stepping 1, AuthenticAMD



---------------  S Y S T E M  ---------------

OS:
 Windows 11 , 64 bit Build 22621 (10.0.22621.3672)
OS uptime: 7 days 17:09 hours
Hyper-V role detected

CPU: total 12 (initial active 12) (12 cores per cpu, 2 threads per core) family 23 model 104 stepping 1 microcode 0x0, cx8, cmov, fxsr, ht, mmx, 3dnowpref, sse, sse2, sse3, ssse3, sse4a, sse4.1, sse4.2, popcnt, lzcnt, tsc, tscinvbit, avx, avx2, aes, clmul, bmi1, bmi2, adx, sha, fma, vzeroupper, clflush, clflushopt, hv

Memory: 4k page, system-wide physical 7502M (587M free)
TotalPageFile size 30030M (AvailPageFile size 34M)
current process WorkingSet (physical memory assigned to process): 11M, peak: 11M
current process commit charge ("private bytes"): 64M, peak: 182M

vm_info: Java HotSpot(TM) 64-Bit Server VM (17.0.10+11-LTS-240) for windows-amd64 JRE (17.0.10+11-LTS-240), built on Dec 19 2023 21:47:25 by "mach5one" with MS VC++ 17.1 (VS2022)

END.
